



info [Tue Jun 09 2020 18:58:34 GMT+0600 (GMT+06:00)]  put client start: Tue Jun 09 2020 18:58:34 GMT+0600 (GMT+06:00); time: 0.051; url: /shoro/put/client




info [Tue Jun 09 2020 19:04:19 GMT+0600 (GMT+06:00)]  put client start: Tue Jun 09 2020 19:04:19 GMT+0600 (GMT+06:00); time: 0.051; url: /shoro/put/client
























info [Tue Jun 09 2020 19:19:02 GMT+0600 (GMT+06:00)]  put client start: Tue Jun 09 2020 19:19:02 GMT+0600 (GMT+06:00); time: 0.017; url: /shoro/put/client
info [Tue Jun 09 2020 19:20:32 GMT+0600 (GMT+06:00)]  put client start: Tue Jun 09 2020 19:20:32 GMT+0600 (GMT+06:00); time: 0.008; url: /shoro/put/client






































































info [Thu Jun 18 2020 20:20:00 GMT+0600 (GMT+06:00)]  out sales start: Thu Jun 18 2020 20:20:00 GMT+0600 (GMT+06:00); time: 0.093; url: /integrate/shoro/out/sales



info [Thu Jun 18 2020 20:21:23 GMT+0600 (GMT+06:00)]  out sales start: Thu Jun 18 2020 20:21:23 GMT+0600 (GMT+06:00); time: 0.032; url: /integrate/shoro/out/sales
info [Thu Jun 18 2020 20:21:26 GMT+0600 (GMT+06:00)]  out sales start: Thu Jun 18 2020 20:21:26 GMT+0600 (GMT+06:00); time: 0.012; url: /integrate/shoro/out/sales
info [Thu Jun 18 2020 20:21:26 GMT+0600 (GMT+06:00)]  out sales start: Thu Jun 18 2020 20:21:26 GMT+0600 (GMT+06:00); time: 0.014; url: /integrate/shoro/out/sales
info [Thu Jun 18 2020 20:21:27 GMT+0600 (GMT+06:00)]  out sales start: Thu Jun 18 2020 20:21:27 GMT+0600 (GMT+06:00); time: 0.007; url: /integrate/shoro/out/sales
info [Thu Jun 18 2020 20:21:27 GMT+0600 (GMT+06:00)]  out sales start: Thu Jun 18 2020 20:21:27 GMT+0600 (GMT+06:00); time: 0.01; url: /integrate/shoro/out/sales
info [Thu Jun 18 2020 20:21:28 GMT+0600 (GMT+06:00)]  out sales start: Thu Jun 18 2020 20:21:27 GMT+0600 (GMT+06:00); time: 0.008; url: /integrate/shoro/out/sales
info [Thu Jun 18 2020 20:21:28 GMT+0600 (GMT+06:00)]  out sales start: Thu Jun 18 2020 20:21:28 GMT+0600 (GMT+06:00); time: 0.008; url: /integrate/shoro/out/sales
info [Thu Jun 18 2020 20:23:40 GMT+0600 (GMT+06:00)]  out sales start: Thu Jun 18 2020 20:23:40 GMT+0600 (GMT+06:00); time: 0.014; url: /integrate/shoro/out/sales



info [Thu Jun 18 2020 20:28:58 GMT+0600 (GMT+06:00)]  out sales start: Thu Jun 18 2020 20:28:58 GMT+0600 (GMT+06:00); time: 0.038; url: /integrate/shoro/out/sales






info [Thu Jun 18 2020 20:31:33 GMT+0600 (GMT+06:00)]  out sales start: Thu Jun 18 2020 20:31:33 GMT+0600 (GMT+06:00); time: 0.034; url: /integrate/shoro/out/sales



info [Thu Jun 18 2020 20:32:13 GMT+0600 (GMT+06:00)]  out sales start: Thu Jun 18 2020 20:32:13 GMT+0600 (GMT+06:00); time: 0.028; url: /integrate/shoro/out/sales
























































info [Sat Jun 20 2020 02:09:46 GMT+0600 (GMT+06:00)]  out sales start: Sat Jun 20 2020 02:09:46 GMT+0600 (GMT+06:00); time: 0.092; url: /integrate/shoro/out/sales



info [Sat Jun 20 2020 02:17:17 GMT+0600 (GMT+06:00)]  out sales start: Sat Jun 20 2020 02:17:17 GMT+0600 (GMT+06:00); time: 0.033; url: /integrate/shoro/out/sales
info [Sat Jun 20 2020 02:18:40 GMT+0600 (GMT+06:00)]  out sales start: Sat Jun 20 2020 02:18:40 GMT+0600 (GMT+06:00); time: 0.014; url: /integrate/shoro/out/sales

info [Sat Jun 20 2020 02:20:08 GMT+0600 (GMT+06:00)]  out sales start: Sat Jun 20 2020 02:20:08 GMT+0600 (GMT+06:00); time: 0.046; url: /integrate/shoro/out/sales





info [Sat Jun 20 2020 02:23:53 GMT+0600 (GMT+06:00)]  out sales start: Sat Jun 20 2020 02:23:53 GMT+0600 (GMT+06:00); time: 0.029; url: /integrate/shoro/out/sales




info [Sat Jun 20 2020 02:24:51 GMT+0600 (GMT+06:00)]  out sales start: Sat Jun 20 2020 02:24:51 GMT+0600 (GMT+06:00); time: 0.032; url: /integrate/shoro/out/sales
info [Sat Jun 20 2020 02:24:56 GMT+0600 (GMT+06:00)]  out sales start: Sat Jun 20 2020 02:24:56 GMT+0600 (GMT+06:00); time: 0.014; url: /integrate/shoro/out/sales



info [Sat Jun 20 2020 02:26:09 GMT+0600 (GMT+06:00)]  out sales start: Sat Jun 20 2020 02:26:09 GMT+0600 (GMT+06:00); time: 0.043; url: /integrate/shoro/out/sales



info [Sat Jun 20 2020 02:27:32 GMT+0600 (GMT+06:00)]  out sales start: Sat Jun 20 2020 02:27:32 GMT+0600 (GMT+06:00); time: 0.024; url: /integrate/shoro/out/sales














































info [Sun Jun 21 2020 01:48:07 GMT+0600 (GMT+06:00)]  out sales start: Sun Jun 21 2020 01:48:06 GMT+0600 (GMT+06:00); time: 0.167; url: /integrate/shoro/out/sales






















































info [Mon Jun 22 2020 23:09:23 GMT+0600 (GMT+06:00)]  put client start: Mon Jun 22 2020 23:09:23 GMT+0600 (GMT+06:00); time: 0.165; url: /shoro/put/client




























































































































info [Sat Jul 04 2020 22:21:10 GMT+0600 (GMT+06:00)]  out sales start: Sat Jul 04 2020 22:21:10 GMT+0600 (GMT+06:00); time: 0.091; url: /integrate/shoro/out/sales
info [Sat Jul 04 2020 22:21:23 GMT+0600 (GMT+06:00)]  out sales start: Sat Jul 04 2020 22:21:23 GMT+0600 (GMT+06:00); time: 0.013; url: /integrate/shoro/out/sales
info [Sat Jul 04 2020 22:21:32 GMT+0600 (GMT+06:00)]  out sales start: Sat Jul 04 2020 22:21:32 GMT+0600 (GMT+06:00); time: 0.017; url: /integrate/shoro/out/sales
info [Sat Jul 04 2020 22:21:45 GMT+0600 (GMT+06:00)]  out sales start: Sat Jul 04 2020 22:21:45 GMT+0600 (GMT+06:00); time: 0.011; url: /integrate/shoro/out/sales
info [Sat Jul 04 2020 22:21:46 GMT+0600 (GMT+06:00)]  out sales start: Sat Jul 04 2020 22:21:46 GMT+0600 (GMT+06:00); time: 0.019; url: /integrate/shoro/out/sales
info [Sat Jul 04 2020 22:21:54 GMT+0600 (GMT+06:00)]  out sales start: Sat Jul 04 2020 22:21:54 GMT+0600 (GMT+06:00); time: 0.018; url: /integrate/shoro/out/sales
info [Sat Jul 04 2020 22:21:55 GMT+0600 (GMT+06:00)]  out sales start: Sat Jul 04 2020 22:21:55 GMT+0600 (GMT+06:00); time: 0.019; url: /integrate/shoro/out/sales
info [Sat Jul 04 2020 22:21:55 GMT+0600 (GMT+06:00)]  out sales start: Sat Jul 04 2020 22:21:55 GMT+0600 (GMT+06:00); time: 0.013; url: /integrate/shoro/out/sales
info [Sat Jul 04 2020 22:22:07 GMT+0600 (GMT+06:00)]  out sales start: Sat Jul 04 2020 22:22:07 GMT+0600 (GMT+06:00); time: 0.013; url: /integrate/shoro/out/sales
info [Sat Jul 04 2020 22:22:08 GMT+0600 (GMT+06:00)]  out sales start: Sat Jul 04 2020 22:22:07 GMT+0600 (GMT+06:00); time: 0.01; url: /integrate/shoro/out/sales
info [Sat Jul 04 2020 22:22:08 GMT+0600 (GMT+06:00)]  out sales start: Sat Jul 04 2020 22:22:08 GMT+0600 (GMT+06:00); time: 0.012; url: /integrate/shoro/out/sales
info [Sat Jul 04 2020 22:22:08 GMT+0600 (GMT+06:00)]  out sales start: Sat Jul 04 2020 22:22:08 GMT+0600 (GMT+06:00); time: 0.011; url: /integrate/shoro/out/sales





























